{
  "RSpec": {
    "coverage": {
      "/Users/Sibel/Desktop/Makers Academy/bookmark-manager/spec/setup_test_database.rb": {
        "lines": [
          1,
          null,
          null,
          1,
          6,
          null,
          null,
          6,
          null
        ]
      },
      "/Users/Sibel/Desktop/Makers Academy/bookmark-manager/app.rb": {
        "lines": [
          1,
          1,
          1,
          null,
          1,
          1,
          1,
          null,
          null,
          1,
          1,
          null,
          null,
          1,
          3,
          3,
          null,
          null,
          1,
          1,
          null,
          null,
          null,
          null,
          null,
          null,
          null,
          null,
          null,
          1,
          1,
          1,
          null,
          null,
          null,
          1,
          null
        ]
      },
      "/Users/Sibel/Desktop/Makers Academy/bookmark-manager/lib/bookmark.rb": {
        "lines": [
          1,
          null,
          1,
          null,
          1,
          null,
          1,
          15,
          15,
          15,
          null,
          null,
          1,
          4,
          4,
          null,
          0,
          null,
          null,
          4,
          null,
          4,
          7,
          null,
          null,
          null,
          null,
          1,
          8,
          8,
          null,
          0,
          null,
          null,
          null,
          8,
          8,
          null,
          null,
          null
        ]
      },
      "/Users/Sibel/Desktop/Makers Academy/bookmark-manager/spec/bookmark_spec.rb": {
        "lines": [
          1,
          1,
          null,
          1,
          null,
          1,
          null,
          1,
          1,
          1,
          null,
          null,
          null,
          null,
          null,
          null,
          null,
          null,
          null,
          1,
          null,
          1,
          1,
          null,
          1,
          null,
          1,
          1,
          1,
          1,
          1,
          null,
          null,
          null,
          1,
          null,
          1,
          null,
          1,
          null,
          null,
          1,
          null,
          1,
          1,
          1,
          1,
          null,
          null,
          null
        ]
      },
      "/Users/Sibel/Desktop/Makers Academy/bookmark-manager/spec/database_helpers.rb": {
        "lines": [
          1,
          null,
          1,
          1,
          1,
          null
        ]
      },
      "/Users/Sibel/Desktop/Makers Academy/bookmark-manager/spec/features/add_bookmarks_spec.rb": {
        "lines": [
          1,
          1,
          1,
          null,
          1,
          null,
          null,
          1,
          1,
          null,
          1,
          1,
          null,
          1,
          null,
          1,
          null,
          null,
          null
        ]
      },
      "/Users/Sibel/Desktop/Makers Academy/bookmark-manager/spec/features/testing_infrastructure_spec.rb": {
        "lines": [
          1,
          1,
          1,
          null,
          1,
          null,
          null
        ]
      },
      "/Users/Sibel/Desktop/Makers Academy/bookmark-manager/spec/features/viewing_bookmarks_spec.rb": {
        "lines": [
          1,
          1,
          null,
          1,
          1,
          1,
          null,
          1,
          null,
          1,
          1,
          1,
          null,
          null,
          null
        ]
      }
    },
    "timestamp": 1626954811
  }
}
